==================== Merkle Tree level[00]: ====================
[00000001
DC444E7A46C1E354FE4021FA802D48A107A3C3EF116CE7D5B5040E7DB3C8A586
]
==================== Merkle Tree level[00]: ====================
[00000002
DC444E7A46C1E354FE4021FA802D48A107A3C3EF116CE7D5B5040E7DB3C8A586
DE955056F0E2D886C3BAD13D202D9ED174FEB63EF99CC475A2AB35A4C333DD1A
]
==================== Merkle Tree level[01]: ====================
[00000001
B3106BBF850EC041F8911A32B746C1E0795CD5879E09E3BC53AB262ECC4C16F7
]
==================== Merkle Tree level[00]: ====================
[00000003
DC444E7A46C1E354FE4021FA802D48A107A3C3EF116CE7D5B5040E7DB3C8A586
DE955056F0E2D886C3BAD13D202D9ED174FEB63EF99CC475A2AB35A4C333DD1A
4FD285B1E5EF048630C43DF2F00A085B1BF08D5C289ED15087BAECFBC6E5857B
]
==================== Merkle Tree level[01]: ====================
[00000001
B3106BBF850EC041F8911A32B746C1E0795CD5879E09E3BC53AB262ECC4C16F7
]
==================== Merkle Tree level[02]: ====================
[00000001
1FECB6D929DAB1E0693333AA6486199E34FFD2FCA90BF3CB6D209F5C422D735F
]
==================== Merkle Tree level[00]: ====================
[00000004
DC444E7A46C1E354FE4021FA802D48A107A3C3EF116CE7D5B5040E7DB3C8A586
DE955056F0E2D886C3BAD13D202D9ED174FEB63EF99CC475A2AB35A4C333DD1A
4FD285B1E5EF048630C43DF2F00A085B1BF08D5C289ED15087BAECFBC6E5857B
4708218E9362D0D309636B355B04CDC68C43979BBE5655819A7277E4095132D9
]
==================== Merkle Tree level[01]: ====================
[00000002
B3106BBF850EC041F8911A32B746C1E0795CD5879E09E3BC53AB262ECC4C16F7
3A1CE2B9523FD6D75FE37F334E439A18F342148A4EBB186D98E8651F7C366BD3
]
==================== Merkle Tree level[02]: ====================
[00000001
CD8A7C9905DA0CF278C0F3C836F4296C7C91CF5689ADD190ECB27939BB960BD6
]
==================== Merkle Tree level[00]: ====================
[00000005
DC444E7A46C1E354FE4021FA802D48A107A3C3EF116CE7D5B5040E7DB3C8A586
DE955056F0E2D886C3BAD13D202D9ED174FEB63EF99CC475A2AB35A4C333DD1A
4FD285B1E5EF048630C43DF2F00A085B1BF08D5C289ED15087BAECFBC6E5857B
4708218E9362D0D309636B355B04CDC68C43979BBE5655819A7277E4095132D9
6321B56F6214014BBFE2B30F3668587B1734FF6D9ED984B95F12270AF482E414
]
==================== Merkle Tree level[01]: ====================
[00000002
B3106BBF850EC041F8911A32B746C1E0795CD5879E09E3BC53AB262ECC4C16F7
3A1CE2B9523FD6D75FE37F334E439A18F342148A4EBB186D98E8651F7C366BD3
]
==================== Merkle Tree level[02]: ====================
[00000001
CD8A7C9905DA0CF278C0F3C836F4296C7C91CF5689ADD190ECB27939BB960BD6
]
==================== Merkle Tree level[03]: ====================
[00000001
F36478DC5A220EEEBD3B8E30BF60DAF9D76CFD3EBFA74E6C04C5044B43A2053C
]
==================== Merkle Tree level[00]: ====================
[00000006
DC444E7A46C1E354FE4021FA802D48A107A3C3EF116CE7D5B5040E7DB3C8A586
DE955056F0E2D886C3BAD13D202D9ED174FEB63EF99CC475A2AB35A4C333DD1A
4FD285B1E5EF048630C43DF2F00A085B1BF08D5C289ED15087BAECFBC6E5857B
4708218E9362D0D309636B355B04CDC68C43979BBE5655819A7277E4095132D9
6321B56F6214014BBFE2B30F3668587B1734FF6D9ED984B95F12270AF482E414
259F0A168CBA181811D51075D7A4064F861DF3AF197E26D0F0830066E4D042E7
]
==================== Merkle Tree level[01]: ====================
[00000003
B3106BBF850EC041F8911A32B746C1E0795CD5879E09E3BC53AB262ECC4C16F7
3A1CE2B9523FD6D75FE37F334E439A18F342148A4EBB186D98E8651F7C366BD3
4E0BD07578EB92DF2E1D80D869E0280985CCC0505CB74C3AE209337EF98245EC
]
==================== Merkle Tree level[02]: ====================
[00000001
CD8A7C9905DA0CF278C0F3C836F4296C7C91CF5689ADD190ECB27939BB960BD6
]
==================== Merkle Tree level[03]: ====================
[00000001
413E8D740E68A129C7A7B333CF9877212084065C50192663D7389C614F8AD871
]
==================== Merkle Tree level[00]: ====================
[00000007
DC444E7A46C1E354FE4021FA802D48A107A3C3EF116CE7D5B5040E7DB3C8A586
DE955056F0E2D886C3BAD13D202D9ED174FEB63EF99CC475A2AB35A4C333DD1A
4FD285B1E5EF048630C43DF2F00A085B1BF08D5C289ED15087BAECFBC6E5857B
4708218E9362D0D309636B355B04CDC68C43979BBE5655819A7277E4095132D9
6321B56F6214014BBFE2B30F3668587B1734FF6D9ED984B95F12270AF482E414
259F0A168CBA181811D51075D7A4064F861DF3AF197E26D0F0830066E4D042E7
F8B248E739B0A99A2C15B55AE8D619531B36A8BE117E3BC6C89BBAFBFD6091C7
]
==================== Merkle Tree level[01]: ====================
[00000003
B3106BBF850EC041F8911A32B746C1E0795CD5879E09E3BC53AB262ECC4C16F7
3A1CE2B9523FD6D75FE37F334E439A18F342148A4EBB186D98E8651F7C366BD3
4E0BD07578EB92DF2E1D80D869E0280985CCC0505CB74C3AE209337EF98245EC
]
==================== Merkle Tree level[02]: ====================
[00000002
CD8A7C9905DA0CF278C0F3C836F4296C7C91CF5689ADD190ECB27939BB960BD6
840EE9270699F52BD254D30F74496CEC909017E0B9333D1C945E16B13C7E836A
]
==================== Merkle Tree level[03]: ====================
[00000001
30689AFA5542AEEB9F062362E5776840BF16E847AC1C738BEBCCCD6029F3FF98
]
==================== Merkle Tree level[00]: ====================
[00000008
DC444E7A46C1E354FE4021FA802D48A107A3C3EF116CE7D5B5040E7DB3C8A586
DE955056F0E2D886C3BAD13D202D9ED174FEB63EF99CC475A2AB35A4C333DD1A
4FD285B1E5EF048630C43DF2F00A085B1BF08D5C289ED15087BAECFBC6E5857B
4708218E9362D0D309636B355B04CDC68C43979BBE5655819A7277E4095132D9
6321B56F6214014BBFE2B30F3668587B1734FF6D9ED984B95F12270AF482E414
259F0A168CBA181811D51075D7A4064F861DF3AF197E26D0F0830066E4D042E7
F8B248E739B0A99A2C15B55AE8D619531B36A8BE117E3BC6C89BBAFBFD6091C7
B9BCAC04CFBFBB31F2E8E62FAE638FB46F7C093E027635C2558E1F77E695865D
]
==================== Merkle Tree level[01]: ====================
[00000004
B3106BBF850EC041F8911A32B746C1E0795CD5879E09E3BC53AB262ECC4C16F7
3A1CE2B9523FD6D75FE37F334E439A18F342148A4EBB186D98E8651F7C366BD3
4E0BD07578EB92DF2E1D80D869E0280985CCC0505CB74C3AE209337EF98245EC
EF3A0C15037AE4EC69CEC0EC976CEF7C76F1AF5B360D88EB17A763E42EC653D0
]
==================== Merkle Tree level[02]: ====================
[00000002
CD8A7C9905DA0CF278C0F3C836F4296C7C91CF5689ADD190ECB27939BB960BD6
40DF88DCE16510DBE637A6DC09839F6F7D89C3ADD02DBEABA886D011F8A502CD
]
==================== Merkle Tree level[03]: ====================
[00000001
2B2D218048851DC6344BDB2A63E52F48AB34AC1142C4C8BB21C616131D9B0358
]
==================== Merkle Tree level[00]: ====================
[00000008
B9BCAC04CFBFBB31F2E8E62FAE638FB46F7C093E027635C2558E1F77E695865D
DE955056F0E2D886C3BAD13D202D9ED174FEB63EF99CC475A2AB35A4C333DD1A
4FD285B1E5EF048630C43DF2F00A085B1BF08D5C289ED15087BAECFBC6E5857B
4708218E9362D0D309636B355B04CDC68C43979BBE5655819A7277E4095132D9
6321B56F6214014BBFE2B30F3668587B1734FF6D9ED984B95F12270AF482E414
259F0A168CBA181811D51075D7A4064F861DF3AF197E26D0F0830066E4D042E7
F8B248E739B0A99A2C15B55AE8D619531B36A8BE117E3BC6C89BBAFBFD6091C7
B9BCAC04CFBFBB31F2E8E62FAE638FB46F7C093E027635C2558E1F77E695865D
]
==================== Merkle Tree level[01]: ====================
[00000004
E96B18F70EE44F58A96F47D72CEEBD35FA903601F69DFDECE28DC2C5B4A1D0C4
3A1CE2B9523FD6D75FE37F334E439A18F342148A4EBB186D98E8651F7C366BD3
4E0BD07578EB92DF2E1D80D869E0280985CCC0505CB74C3AE209337EF98245EC
EF3A0C15037AE4EC69CEC0EC976CEF7C76F1AF5B360D88EB17A763E42EC653D0
]
==================== Merkle Tree level[02]: ====================
[00000002
EE137BBAE26066C3FA59BED0C9AB5F6E1361ADAB2436483C2B095F05EF23B511
40DF88DCE16510DBE637A6DC09839F6F7D89C3ADD02DBEABA886D011F8A502CD
]
==================== Merkle Tree level[03]: ====================
[00000001
D06637362A16B4F64B4738D25D543D916C79A217D8B299E595AF482D3DDE778F
]
